[06:41:17] [main/INFO]: Loading Minecraft 1.21.5 with Fabric Loader 0.16.13
[06:41:17] [main/INFO]: Loading 122 mods:
	- chunky 1.4.36
	- fabric-api 0.119.9+1.21.5
	   |-- fabric-api-base 0.4.62+73a52b4b49
	   |-- fabric-api-lookup-api-v1 1.6.95+86c3a9f149
	   |-- fabric-biome-api-v1 16.0.7+2dd063df49
	   |-- fabric-block-api-v1 1.0.37+86c3a9f149
	   |-- fabric-block-view-api-v2 1.0.26+aa6d566c49
	   |-- fabric-blockrenderlayer-v1 2.0.16+86c3a9f149
	   |-- fabric-client-tags-api-v1 1.1.37+86c3a9f149
	   |-- fabric-command-api-v1 1.2.70+f71b366f49
	   |-- fabric-command-api-v2 2.2.49+73a52b4b49
	   |-- fabric-commands-v0 0.2.87+df3654b349
	   |-- fabric-content-registries-v0 10.0.11+216530c849
	   |-- fabric-convention-tags-v1 2.1.29+7f945d5b49
	   |-- fabric-convention-tags-v2 2.14.3+fca633a049
	   |-- fabric-crash-report-info-v1 0.3.12+86c3a9f149
	   |-- fabric-data-attachment-api-v1 1.6.6+7b20cbb049
	   |-- fabric-data-generation-api-v1 22.3.3+d94614b849
	   |-- fabric-dimensions-v1 4.0.16+86c3a9f149
	   |-- fabric-entity-events-v1 2.0.25+27c1078f49
	   |-- fabric-events-interaction-v0 4.0.13+73a52b4b49
	   |-- fabric-game-rule-api-v1 1.0.70+c327076a49
	   |-- fabric-item-api-v1 11.3.2+2ccdb6ef49
	   |-- fabric-item-group-api-v1 4.2.8+3459fc6149
	   |-- fabric-key-binding-api-v1 1.0.63+ecf51cdc49
	   |-- fabric-keybindings-v0 0.2.61+df3654b349
	   |-- fabric-lifecycle-events-v1 2.5.13+5cbce67349
	   |-- fabric-loot-api-v2 3.0.47+3f89f5a549
	   |-- fabric-loot-api-v3 1.0.35+86c3a9f149
	   |-- fabric-message-api-v1 6.0.33+86c3a9f149
	   |-- fabric-model-loading-api-v1 5.0.3+129968e949
	   |-- fabric-networking-api-v1 4.4.0+f3ffa98949
	   |-- fabric-object-builder-api-v1 21.0.0+7b20cbb049
	   |-- fabric-particles-v1 4.0.22+86c3a9f149
	   |-- fabric-recipe-api-v1 8.1.6+052a85d049
	   |-- fabric-registry-sync-v0 6.1.20+b556383249
	   |-- fabric-renderer-api-v1 6.0.0+55bce67a49
	   |-- fabric-renderer-indigo 3.0.1+8125baf649
	   |-- fabric-rendering-data-attachment-v1 0.3.64+73761d2e49
	   |-- fabric-rendering-fluids-v1 3.1.27+86c3a9f149
	   |-- fabric-rendering-v1 11.1.11+081cc04349
	   |-- fabric-resource-conditions-api-v1 5.0.21+73a52b4b49
	   |-- fabric-resource-loader-v0 3.1.6+02ca679649
	   |-- fabric-screen-api-v1 2.0.46+86c3a9f149
	   |-- fabric-screen-handler-api-v1 1.3.127+c327076a49
	   |-- fabric-sound-api-v1 1.0.38+86c3a9f149
	   |-- fabric-tag-api-v1 1.0.16+ecf51cdc49
	   |-- fabric-transfer-api-v1 5.4.23+7b20cbb049
	   \-- fabric-transitive-access-wideners-v1 6.3.17+f17a180c49
	- fabric-language-kotlin 1.13.2+kotlin.2.1.20
	   |-- org_jetbrains_kotlin_kotlin-reflect 2.1.20
	   |-- org_jetbrains_kotlin_kotlin-stdlib 2.1.20
	   |-- org_jetbrains_kotlin_kotlin-stdlib-jdk7 2.1.20
	   |-- org_jetbrains_kotlin_kotlin-stdlib-jdk8 2.1.20
	   |-- org_jetbrains_kotlinx_atomicfu-jvm 0.27.0
	   |-- org_jetbrains_kotlinx_kotlinx-coroutines-core-jvm 1.10.1
	   |-- org_jetbrains_kotlinx_kotlinx-coroutines-jdk8 1.10.1
	   |-- org_jetbrains_kotlinx_kotlinx-datetime-jvm 0.6.2
	   |-- org_jetbrains_kotlinx_kotlinx-io-bytestring-jvm 0.7.0
	   |-- org_jetbrains_kotlinx_kotlinx-io-core-jvm 0.7.0
	   |-- org_jetbrains_kotlinx_kotlinx-serialization-cbor-jvm 1.8.0
	   |-- org_jetbrains_kotlinx_kotlinx-serialization-core-jvm 1.8.0
	   \-- org_jetbrains_kotlinx_kotlinx-serialization-json-jvm 1.8.0
	- fabricloader 0.16.13
	   \-- mixinextras 0.4.1
	- geyser-fabric 2.7.0-SNAPSHOT
	   |-- cloud 2.0.0-beta.10
	   |    |-- io_leangen_geantyref_geantyref 1.3.15
	   |    |-- org_incendo_cloud-brigadier 2.0.0-beta.10
	   |    |-- org_incendo_cloud-core 2.0.0
	   |    |-- org_incendo_cloud-minecraft-modded-common-fabric-repack 2.0.0-beta.10
	   |    \-- org_incendo_cloud-services 2.0.0
	   |-- com_fasterxml_jackson_core_jackson-annotations 2.17.0
	   |-- com_fasterxml_jackson_core_jackson-core 2.17.0
	   |-- com_fasterxml_jackson_core_jackson-databind 2.17.0
	   |-- com_fasterxml_jackson_dataformat_jackson-dataformat-yaml 2.17.0
	   |-- com_google_errorprone_error_prone_annotations 2.27.0
	   |-- com_nukkitx_natives 1.0.3
	   |-- fabric-permissions-api-v0 0.3.3
	   |-- io_airlift_aircompressor 0.25
	   |-- io_jsonwebtoken_jjwt-api 0.12.6
	   |-- io_jsonwebtoken_jjwt-gson 0.12.6
	   |-- io_jsonwebtoken_jjwt-impl 0.12.6
	   |-- io_netty_netty-codec-dns 4.1.107
	   |-- io_netty_netty-codec-haproxy 4.1.107
	   |-- io_netty_netty-resolver-dns-classes-macos 4.1.107
	   |-- net_bytebuddy_byte-buddy 1.14.9
	   |-- net_jodah_expiringmap 0.5.10
	   |-- net_kyori_adventure-api 4.17.0
	   |-- net_kyori_adventure-key 4.17.0
	   |-- net_kyori_adventure-nbt 4.17.0
	   |-- net_kyori_adventure-text-serializer-gson 4.17.0
	   |-- net_kyori_adventure-text-serializer-json 4.17.0
	   |-- net_kyori_adventure-text-serializer-json-legacy-impl 4.17.0
	   |-- net_kyori_adventure-text-serializer-legacy 4.17.0
	   |-- net_kyori_adventure-text-serializer-plain 4.17.0
	   |-- net_kyori_examination-api 1.3.0
	   |-- net_kyori_examination-string 1.3.0
	   |-- net_kyori_option 1.0.0
	   |-- net_lenni0451_commons_httpclient 1.6.0
	   |-- net_raphimc_minecraftauth 4.1.1
	   |-- org_bitbucket_b_c_jose4j 0.9.6
	   |-- org_cloudburstmc_math_api 2.0
	   |-- org_cloudburstmc_math_immutable 2.0
	   |-- org_cloudburstmc_nbt 3.0.3
	   |-- org_geysermc_api_base-api 1.0.1
	   |-- org_geysermc_cumulus_cumulus 1.1.2
	   |-- org_geysermc_event_events 1.1-SNAPSHOT
	   |-- org_java-websocket_java-websocket 1.5.1
	   |-- org_lanternpowered_lmbda 2.0.0
	   \-- org_yaml_snakeyaml 2.2
	- java 21
	- minecraft 1.21.5
	- mr_sleep 1-v.4.0.2
	- resourcefullib 3.5.0
	   |-- com_teamresourceful_bytecodecs 1.1.3
	   \-- com_teamresourceful_yabn 1.0.3
	- seopcmdoveride 1.0.0
	- skinrestorer 2.3.0+1.21.5-fabric
	   \-- org_mineskin_java-client 3.0.1-SNAPSHOT
	- swadminpw 1.0.0
	- swdncycle 1.0.0
	- swloottext 1.0.0
	- swplmobinfo 1.0.0
	- swrpgbackup 1.0.0
	- swrpgccommands 1.0.0
	- swrpgccrafting 1.0.0
	- swrpgclaim 1.0.0
	- swrpglevels 1.0.0
	- swrpgmotd 1.0.0
	- swrpgservauth 1.0.0
	- swrpgtrees 1.0.0
[06:41:18] [main/INFO]: SpongePowered MIXIN Subsystem Version=0.8.7 Source=file:/opt/minecraft/fabric/libraries/net/fabricmc/sponge-mixin/0.15.4+mixin.0.8.7/sponge-mixin-0.15.4+mixin.0.8.7.jar Service=Knot/Fabric Env=SERVER
[06:41:18] [main/INFO]: Compatibility level set to JAVA_17
[06:41:18] [main/INFO]: Compatibility level set to JAVA_21
[06:41:18] [main/INFO]: Initializing MixinExtras via com.llamalad7.mixinextras.service.MixinExtrasServiceImpl(version=0.4.1).
[06:41:24] [main/INFO]: Loading extensions...
[06:41:24] [main/INFO]: Loaded 0 extension(s)
[06:41:24] [main/INFO]: [STDOUT]: [seopcmdoveride] Config loaded: opCommandsEnabled=false, disabledCommands=[defaultgamemode, ban-ip, op, banlist, pardon, whitelist, deop, gms, gamemode, ban, pardon-ip, difficulty, gmsp, kick, stop, spectator, gma, gmc], ipWhitelistEnabled=false, allowedIPs=[], warningLimit=3
[06:41:24] [main/INFO]: [STDOUT]: [seopcmdoveride] Mod initialized.
[06:41:25] [main/INFO]: Initializing Swadminpw Mod...
[06:41:25] [main/INFO]: Loaded allowed players from '/opt/minecraft/fabric/config/allowed_players.json'.
[06:41:25] [main/INFO]: Config loaded from /opt/minecraft/fabric/config/swadminpw.json
[06:41:25] [main/INFO]: Swrpgbackup mod initialized. Daily interval: 1728000 ticks, Hourly interval: 72000 ticks
[06:41:25] [main/INFO]: [SWRPGCCommands] Mod Initialized!
[06:41:25] [main/INFO]: Initializing Swrpgccrafting mod.
[06:41:25] [main/INFO]: Configuration loaded successfully.
[06:41:25] [main/INFO]: Verified folder: world/datapacks/swrpgcrafting/data/recipe/
[06:41:25] [main/INFO]: Wrote file: world/datapacks/swrpgcrafting/data/recipe/name_tag.json
[06:41:25] [main/INFO]: Generated recipe file: world/datapacks/swrpgcrafting/data/recipe/name_tag.json
[06:41:25] [main/INFO]: Verified folder: world/datapacks/swrpgcrafting/overlay_57/data/craftable_name_tags/recipe/
[06:41:25] [main/INFO]: Wrote file: world/datapacks/swrpgcrafting/overlay_57/data/craftable_name_tags/recipe/name_tag.json
[06:41:25] [main/INFO]: Generated recipe file: world/datapacks/swrpgcrafting/overlay_57/data/craftable_name_tags/recipe/name_tag.json
[06:41:25] [main/INFO]: Verified folder: world/datapacks/swrpgcrafting/data/recipe/
[06:41:25] [main/INFO]: Wrote file: world/datapacks/swrpgcrafting/data/recipe/lead.json
[06:41:25] [main/INFO]: Generated recipe file: world/datapacks/swrpgcrafting/data/recipe/lead.json
[06:41:25] [main/INFO]: Verified folder: world/datapacks/swrpgcrafting/overlay_57/data/craftable_name_tags/recipe/
[06:41:25] [main/INFO]: Wrote file: world/datapacks/swrpgcrafting/overlay_57/data/craftable_name_tags/recipe/lead.json
[06:41:25] [main/INFO]: Generated recipe file: world/datapacks/swrpgcrafting/overlay_57/data/craftable_name_tags/recipe/lead.json
[06:41:25] [main/INFO]: Verified folder: world/datapacks/swrpgcrafting/data/recipe/
[06:41:25] [main/INFO]: Wrote file: world/datapacks/swrpgcrafting/data/recipe/saddle.json
[06:41:25] [main/INFO]: Generated recipe file: world/datapacks/swrpgcrafting/data/recipe/saddle.json
[06:41:25] [main/INFO]: Verified folder: world/datapacks/swrpgcrafting/overlay_57/data/craftable_name_tags/recipe/
[06:41:25] [main/INFO]: Wrote file: world/datapacks/swrpgcrafting/overlay_57/data/craftable_name_tags/recipe/saddle.json
[06:41:25] [main/INFO]: Generated recipe file: world/datapacks/swrpgcrafting/overlay_57/data/craftable_name_tags/recipe/saddle.json
[06:41:25] [main/INFO]: Verified folder: world/datapacks/swrpgcrafting/data/swrpgccrafting/advancements/recipes/building_blocks/
[06:41:25] [main/INFO]: Wrote file: world/datapacks/swrpgcrafting/data/swrpgccrafting/advancements/recipes/building_blocks/name_tag.json
[06:41:25] [main/INFO]: Generated advancement for recipe: name_tag
[06:41:25] [main/INFO]: Wrote file: world/datapacks/swrpgcrafting/data/swrpgccrafting/advancements/recipes/building_blocks/lead.json
[06:41:25] [main/INFO]: Generated advancement for recipe: lead
[06:41:25] [main/INFO]: Wrote file: world/datapacks/swrpgcrafting/data/swrpgccrafting/advancements/recipes/building_blocks/saddle.json
[06:41:25] [main/INFO]: Generated advancement for recipe: saddle
[06:41:25] [main/INFO]: Wrote file: world/datapacks/swrpgcrafting/pack.mcmeta
[06:41:25] [main/INFO]: Datapack generation, including advancements, is complete. Mod is ready!
[06:41:25] [main/INFO]: Initializing RPG Levels Mod...
[06:41:25] [main/INFO]: Config loaded: {
  "agilityBaseXP": 100,
  "woodcuttingBaseXP": 100,
  "farmingBaseXP": 100,
  "harvestingBaseXP": 100,
  "fishingBaseXP": 100,
  "craftingBaseXP": 100,
  "miningBaseXP": 100,
  "cookingBaseXP": 100,
  "smithingBaseXP": 100,
  "alchemyBaseXP": 100,
  "enchantingBaseXP": 100,
  "combatBaseXP": 100,
  "agilityExpandable": true,
  "woodcuttingExpandable": true,
  "farmingExpandable": true,
  "harvestingExpandable": true,
  "fishingExpandable": true,
  "craftingExpandable": true,
  "miningExpandable": true,
  "cookingExpandable": true,
  "smithingExpandable": true,
  "alchemyExpandable": true,
  "enchantingExpandable": true,
  "combatExpandable": true,
  "agilityVanillaXP": 5,
  "woodcuttingVanillaXP": 5,
  "farmingVanillaXP": 5,
  "harvestingVanillaXP": 5,
  "fishingVanillaXP": 5,
  "craftingVanillaXP": 5,
  "miningVanillaXP": 5,
  "cookingVanillaXP": 5,
  "smithingVanillaXP": 5,
  "alchemyVanillaXP": 5,
  "enchantingVanillaXP": 5,
  "combatVanillaXP": 5,
  "farmingSeeds": {
    "minecraft:torchflower_seeds": 15,
    "minecraft:nether_wart": 8,
    "minecraft:wheat_seeds": 5,
    "minecraft:pumpkin_seeds": 10,
    "minecraft:pitcher_pod": 15,
    "minecraft:carrot": 5,
    "minecraft:potato": 5,
    "minecraft:melon_seeds": 10,
    "minecraft:beetroot_seeds": 5
  },
  "harvestingCrops": {
    "minecraft:cactus": 15,
    "minecraft:potato": 10,
    "minecraft:kelp": 15,
    "minecraft:wheat": 10,
    "minecraft:bamboo": 20,
    "minecraft:melon": 20,
    "minecraft:sugar_cane": 15,
    "minecraft:carrot": 10,
    "minecraft:chorus_flower": 18,
    "minecraft:nether_wart": 8,
    "minecraft:pumpkin": 20,
    "minecraft:beetroot": 10
  },
  "miningBlocks": {
    "minecraft:gold_ore": 20,
    "minecraft:coal_ore": 10,
    "minecraft:redstone_ore": 15,
    "minecraft:deepslate": 5,
    "minecraft:emerald_ore": 50,
    "minecraft:iron_ore": 15,
    "minecraft:andesite": 5,
    "minecraft:copper_ore": 12,
    "minecraft:diamond_ore": 50,
    "minecraft:diorite": 5,
    "minecraft:granite": 5,
    "minecraft:stone": 5,
    "minecraft:lapis_ore": 15
  },
  "woodcuttingBlocks": {
    "minecraft:birch_log": 10,
    "minecraft:crimson_stem": 30,
    "minecraft:warped_stem": 30,
    "minecraft:spruce_log": 10,
    "minecraft:dark_oak_log": 20,
    "minecraft:oak_log": 10,
    "minecraft:jungle_log": 15,
    "minecraft:acacia_log": 10
  },
  "craftingItems": {
    "minecraft:arrow": 1,
    "minecraft:wooden_pickaxe": 10,
    "minecraft:crafting_table": 5,
    "minecraft:wooden_hoe": 10,
    "minecraft:iron_axe": 25,
    "minecraft:stone_hoe": 15,
    "minecraft:anvil": 35,
    "minecraft:bow": 20,
    "minecraft:wooden_axe": 10,
    "minecraft:iron_pickaxe": 25,
    "minecraft:stone_pickaxe": 15,
    "minecraft:stone_axe": 15,
    "minecraft:torch": 2,
    "minecraft:diamond_pickaxe": 40
  },
  "cookingItems": {
    "minecraft:cooked_rabbit": 5,
    "minecraft:cooked_mutton": 5,
    "minecraft:cooked_porkchop": 5,
    "minecraft:cooked_beef": 5,
    "minecraft:cooked_cod": 5,
    "minecraft:cooked_salmon": 5,
    "minecraft:cooked_chicken": 5
  },
  "smithingItems": {
    "minecraft:gold_ingot": 15,
    "minecraft:copper_ingot": 8,
    "minecraft:iron_ingot": 10
  },
  "alchemyItems": {
    "minecraft:potion": 15,
    "minecraft:lingering_potion": 20,
    "minecraft:splash_potion": 10
  },
  "enchantingXP": 50,
  "combatMobs": {
    "minecraft:skeleton": 6,
    "minecraft:spider": 4,
    "minecraft:creeper": 7,
    "minecraft:zombie": 5,
    "minecraft:witch": 10
  }
}
[06:41:25] [main/INFO]: Mod initialization complete!
[06:41:25] [main/INFO]: MOTD System Initialized!
[06:41:25] [main/INFO]: Config loaded successfully!
[06:41:25] [main/INFO]: Initializing Simple Username Auth Mod!
[06:41:25] [main/INFO]: Loaded allowed player list from 'config/allowed_players.json'.
[06:41:25] [main/INFO]: Initializing mod: swrpgtrees
[06:41:25] [main/INFO]: Loaded log blocks: [Block{minecraft:oak_log}, Block{minecraft:acacia_log}, Block{minecraft:spruce_log}, Block{minecraft:dark_oak_log}, Block{minecraft:jungle_log}, Block{minecraft:birch_log}]
[06:41:25] [main/INFO]: Loaded leaf blocks: [Block{minecraft:birch_leaves}, Block{minecraft:acacia_leaves}, Block{minecraft:dark_oak_leaves}, Block{minecraft:spruce_leaves}, Block{minecraft:oak_leaves}, Block{minecraft:jungle_leaves}]
[06:41:25] [main/INFO]: Environment: Environment[sessionHost=https://sessionserver.mojang.com, servicesHost=https://api.minecraftservices.com, name=PROD]
[06:41:26] [Worker-Main-3/WARN]: Found loot table element validation problem in {minecraft:loot_table/minecraft:entities/bat}.pools[2].entries[0]: Unknown loot table called more_mob_heads:entities/bat
[06:41:26] [Worker-Main-3/WARN]: Found loot table element validation problem in {minecraft:loot_table/minecraft:entities/player}.pools[1].entries[0]: Unknown loot table called player_heads:entities/player
[06:41:26] [Worker-Main-3/INFO]: [SWRPGCCommands] Loaded 10 custom commands from config.
[06:41:27] [main/INFO]: Loaded 1377 recipes
[06:41:27] [main/INFO]: Loaded 1499 advancements
[06:41:27] [main/INFO]: Applied 0 biome modifications to 0 of 65 new biomes in 1.376 ms
[06:41:27] [Server thread/INFO]: Starting minecraft server version 1.21.5
[06:41:27] [Server thread/INFO]: Loading properties
[06:41:27] [Server thread/INFO]: Default game type: SURVIVAL
[06:41:27] [Server thread/INFO]: Generating keypair
[06:41:27] [Server thread/INFO]: Starting Minecraft server on *:25565
[06:41:27] [Server thread/INFO]: Using epoll channel type
[06:41:27] [Server thread/WARN]: **** SERVER IS RUNNING IN OFFLINE/INSECURE MODE!
[06:41:27] [Server thread/WARN]: The server will make no attempt to authenticate usernames. Beware.
[06:41:27] [Server thread/WARN]: While this makes the game possible to play without internet access, it also opens up the ability for hackers to connect with any username they choose.
[06:41:27] [Server thread/WARN]: To change this, set "online-mode" to "true" in the server.properties file.
[06:41:27] [Server thread/INFO]: Preparing level "world"
[06:41:28] [Server thread/INFO]: Preparing start region for dimension minecraft:overworld
[06:41:29] [Worker-Main-5/INFO]: Preparing spawn area: 0%
[06:41:29] [Worker-Main-5/INFO]: Preparing spawn area: 0%
[06:41:29] [Worker-Main-5/INFO]: Preparing spawn area: 0%
[06:41:29] [Worker-Main-5/INFO]: Preparing spawn area: 0%
[06:41:29] [Server thread/INFO]: Time elapsed: 1708 ms
[06:41:29] [Server thread/INFO]: Done (2.105s)! For help, type "help"
[06:41:29] [Server thread/INFO]: ******************************************
[06:41:29] [Server thread/INFO]: 
[06:41:29] [Server thread/INFO]: Loading Geyser version 2.7.0-b805 (git-master-55266de)
[06:41:29] [Server thread/INFO]: 
[06:41:29] [Server thread/INFO]: ******************************************
[06:41:32] [Server thread/INFO]: Started Geyser on UDP port 19132
[06:41:32] [Server thread/INFO]: Done (2.686s)! Run /geyser help for help!
[07:41:08] [Server thread/INFO]: /176.65.149.246:56296 lost connection: Internal Exception: io.netty.handler.codec.DecoderException: Failed to decode packet 'serverbound/minecraft:hello'
[07:46:33] [Server thread/INFO]: GameMasterTwig1 lost connection: You logged in from another location
[07:46:33] [Server thread/INFO]: GameMasterTwig1 left the game
[07:46:35] [Server thread/INFO]: GameMasterTwig1[/103.214.20.55:44108] logged in with entity id 8976 at (-249.1335736111228, 64.12160004615784, 884.7761482122474)
[07:46:35] [Server thread/INFO]: [STDERR]: com.mojang.brigadier.exceptions.CommandSyntaxException: No player was found
[07:46:35] [Server thread/INFO]: Player 'GameMasterTwig1' is allowed to join.
[07:46:35] [Server thread/ERROR]: Error executing tellraw command
com.mojang.brigadier.exceptions.CommandSyntaxException: Unknown or incomplete command, see below for error at position 0: <--[HERE]
[07:46:47] [Server thread/INFO]: ShortWlf[/103.214.20.55:44670] logged in with entity id 9397 at (-297.18117482645386, 67.0, 645.4067986354436)
[07:46:47] [Server thread/INFO]: [STDERR]: com.mojang.brigadier.exceptions.CommandSyntaxException: No player was found
[07:46:47] [Server thread/INFO]: Player 'ShortWlf' is allowed to join.
[07:46:47] [Server thread/ERROR]: Error executing tellraw command
com.mojang.brigadier.exceptions.CommandSyntaxException: Unknown or incomplete command, see below for error at position 0: <--[HERE]
[07:46:47] [Server thread/INFO]: Player 'ShortWlf' joined and is authorized.
[07:46:47] [Server thread/INFO]: ShortWlf joined the game
[07:46:54] [Server thread/INFO]: ShortWlf lost connection: Disconnected
[07:46:54] [Server thread/INFO]: ShortWlf left the game
[14:28:14] [Server thread/INFO]: Banned 103.214.20.55: Banned by an operator.
[14:28:51] [Server thread/INFO]: Banned IP 103.214.20.55: Banned by an operator.
[14:38:06] [Server thread/INFO]: Teleported ShortWlf to -286.500000, 64.000000, 660.500000
[14:46:13] [Server thread/INFO]: Starting hourly backup...
[14:46:13] [hourlyBackupThread/INFO]: hourly backup initiated on thread hourlyBackupThread
[14:46:14] [hourlyBackupThread/INFO]: Skipping locked file: ./world/./session.lock
[14:46:14] [hourlyBackupThread/INFO]: Backup successfully created at /opt/minecraft/fabric/./world/backups/hourly/world_backup_2025-04-26_14-46-13
